<?xml version="1.0" encoding="UTF-8"?>
<!-- Generated by org.testng.reporters.JUnitXMLReporter -->
<testsuite ignored="0" hostname="bcedbeeced305410173dffcbbfbdaafthree-0" failures="0" tests="3" name="Surefire test" time="33.652" errors="0" timestamp="2023-09-25T11:25:03 UTC">
  <testcase classname="runner.Testcase1" name="TC_001" time="6.478"/>
  <testcase classname="runner.Testcase3" name="TC_003" time="9.44"/>
  <testcase classname="runner.Testcase2" name="TC_002" time="9.238"/>
</testsuite> <!-- Surefire test -->
